<?xml version="1.0" encoding="UTF-8"?>
<!-- Generated by org.testng.reporters.JUnitXMLReporter -->
<testsuite ignored="0" hostname="Panadol-Extra" failures="0" tests="3" name="Default test" time="2.79" errors="0" timestamp="2023-12-19T17:11:51 PKT">
  <testcase classname="testcase.ReadWriteDataExcel" name="RedirectToURL" time="1.87"/>
  <testcase classname="testcase.ReadWriteDataExcel" name="writeData" time="0.733"/>
  <testcase classname="testcase.ReadWriteDataExcel" name="readData" time="0.131"/>
</testsuite> <!-- Default test -->
